<?xml version="1.0" encoding="UTF-8"?>
<testsuite xmlns:xsi="http://www.w3.org/2001/XMLSchema-instance" xsi:noNamespaceSchemaLocation="https://maven.apache.org/surefire/maven-surefire-plugin/xsd/surefire-test-report.xsd" name="pv2.pokemon.PokeRunner" time="4.416" tests="6" errors="0" skipped="0" failures="1">
  <properties>
[...]
</properties>
  <testcase name="testPokemon[1][1]" classname="pv2.pokemon.PokeRunner" time="1.989"/>
  <testcase name="testPokemon[1][2]" classname="pv2.pokemon.PokeRunner" time="0.021"/>
  <testcase name="testPokemon[1][3]" classname="pv2.pokemon.PokeRunner" time="0.371"/>
  <testcase name="testPokemon[1][4]" classname="pv2.pokemon.PokeRunner" time="0.084"/>
  <testcase name="testPokemon[1][5]" classname="pv2.pokemon.PokeRunner" time="0.021">
    <failure message="&gt;&gt;&gt;&gt; js failed:&#10;01: base_url&#10;&lt;&lt;&lt;&lt;&#10;org.graalvm.polyglot.PolyglotException: ReferenceError: &quot;base_url&quot; is not defined&#10;- &lt;js&gt;.:program(Unnamed:1)&#10;&#10;classpath:pv2/pokemon/pokemon.feature:39" type="org.opentest4j.AssertionFailedError"><![CDATA[org.opentest4j.AssertionFailedError: 
>>>> js failed:
01: base_url
<<<<
org.graalvm.polyglot.PolyglotException: ReferenceError: "base_url" is not defined
- <js>.:program(Unnamed:1)

classpath:pv2/pokemon/pokemon.feature:39
]]></failure>
    <system-out><![CDATA[23:46:46.710 [main] INFO  com.intuit.karate - karate.env system property was: null 
23:46:46.729 [main] ERROR com.intuit.karate - classpath:pv2/pokemon/pokemon.feature:39
Given url base_url
>>>> js failed:
01: base_url
<<<<
org.graalvm.polyglot.PolyglotException: ReferenceError: "base_url" is not defined
- <js>.:program(Unnamed:1)

classpath:pv2/pokemon/pokemon.feature:39
]]></system-out>
  </testcase>
  <testcase name="testPokemon[1][6]" classname="pv2.pokemon.PokeRunner" time="1.058"/>
</testsuite>