<?xml version="1.0" encoding="UTF-8"?>
<testsuite xmlns:xsi="http://www.w3.org/2001/XMLSchema-instance" xsi:noNamespaceSchemaLocation="https://maven.apache.org/surefire/maven-surefire-plugin/xsd/surefire-test-report.xsd" name="exercicio.trabalho2.ReqresRunner" time="3.979" tests="6" errors="0" skipped="0" failures="4">
  <properties>
[...]
</properties>
  <testcase name="testReqres[1][1]" classname="exercicio.trabalho2.ReqresRunner" time="1.728"/>
  <testcase name="testReqres[1][2]" classname="exercicio.trabalho2.ReqresRunner" time="0.118">
    <failure message="match failed: EQUALS&#10;  $ | actual path does not exist (STRING:NUMBER)&#10;  &apos;#notpresent&apos;&#10;  5&#10;&#10;classpath:exercicio/trabalho2/reqres.feature:21" type="org.opentest4j.AssertionFailedError">org.opentest4j.AssertionFailedError: 
match failed: EQUALS
  $ | actual path does not exist (STRING:NUMBER)
  '#notpresent'
  5

classpath:exercicio/trabalho2/reqres.feature:21
</failure>
    <system-out><![CDATA[23:42:13.798 [main] INFO  com.intuit.karate - karate.env system property was: null 
23:42:13.801 [main] DEBUG com.intuit.karate - request:
1 > GET https://reqres.in/api/users/5
1 > Host: reqres.in
1 > Connection: Keep-Alive
1 > User-Agent: Apache-HttpClient/4.5.13 (Java/19.0.1)
1 > Accept-Encoding: gzip,deflate


23:42:13.856 [main] DEBUG com.intuit.karate - response time in milliseconds: 54
1 < 200
1 < Date: Thu, 01 Dec 2022 02:42:15 GMT
1 < Content-Type: application/json; charset=utf-8
1 < Transfer-Encoding: chunked
1 < Connection: keep-alive
1 < X-Powered-By: Express
1 < Access-Control-Allow-Origin: *
1 < Etag: W/"11c-fbAvBCQSZgUU6dvLRqxYG0dwUTM"
1 < Via: 1.1 vegur
1 < Cache-Control: max-age=14400
1 < CF-Cache-Status: HIT
1 < Age: 550
1 < Report-To: {"endpoints":[{"url":"https:\/\/a.nel.cloudflare.com\/report\/v3?s=K2w7NwsHM1wA%2BSvukz7yOVPXt9leOG9pv7WE3baobkp4AEfTp3Zp1S8sHRgxGB5mCyUYsWqnwJDDsZw%2BaKxO%2BqaGw6vWBbDrHL%2FYQPIjfXuC664otd7vbit6ew%3D%3D"}],"group":"cf-nel","max_age":604800}
1 < NEL: {"success_fraction":0,"report_to":"cf-nel","max_age":604800}
1 < Vary: Accept-Encoding
1 < Server: cloudflare
1 < CF-RAY: 772877f16c0fa529-GRU
{"data":{"last_name":"Morris","id":5,"avatar":"https:\/\/reqres.in\/img\/faces\/5-image.jpg","first_name":"Charles","email":"charles.morris@reqres.in"},"support":{"text":"To keep ReqRes free, contributions towards server costs are appreciated!","url":"https:\/\/reqres.in\/#support-heading"}}
23:42:13.860 [main] ERROR com.intuit.karate - classpath:exercicio/trabalho2/reqres.feature:21
And match $.id == 5
match failed: EQUALS
  $ | actual path does not exist (STRING:NUMBER)
  '#notpresent'
  5

classpath:exercicio/trabalho2/reqres.feature:21
]]></system-out>
  </testcase>
  <testcase name="testReqres[1][3]" classname="exercicio.trabalho2.ReqresRunner" time="0.037">
    <failure message="&gt;&gt;&gt;&gt; js failed:&#10;01: base_url&#10;&lt;&lt;&lt;&lt;&#10;org.graalvm.polyglot.PolyglotException: ReferenceError: &quot;base_url&quot; is not defined&#10;- &lt;js&gt;.:program(Unnamed:1)&#10;&#10;classpath:exercicio/trabalho2/reqres.feature:28" type="org.opentest4j.AssertionFailedError"><![CDATA[org.opentest4j.AssertionFailedError: 
>>>> js failed:
01: base_url
<<<<
org.graalvm.polyglot.PolyglotException: ReferenceError: "base_url" is not defined
- <js>.:program(Unnamed:1)

classpath:exercicio/trabalho2/reqres.feature:28
]]></failure>
    <system-out><![CDATA[23:42:13.913 [main] INFO  com.intuit.karate - karate.env system property was: null 
23:42:13.941 [main] ERROR com.intuit.karate - classpath:exercicio/trabalho2/reqres.feature:28
Given url base_url
>>>> js failed:
01: base_url
<<<<
org.graalvm.polyglot.PolyglotException: ReferenceError: "base_url" is not defined
- <js>.:program(Unnamed:1)

classpath:exercicio/trabalho2/reqres.feature:28
]]></system-out>
  </testcase>
  <testcase name="testReqres[1][4]" classname="exercicio.trabalho2.ReqresRunner" time="0.02">
    <failure message="&gt;&gt;&gt;&gt; js failed:&#10;01: base_url&#10;&lt;&lt;&lt;&lt;&#10;org.graalvm.polyglot.PolyglotException: ReferenceError: &quot;base_url&quot; is not defined&#10;- &lt;js&gt;.:program(Unnamed:1)&#10;&#10;classpath:exercicio/trabalho2/reqres.feature:34" type="org.opentest4j.AssertionFailedError"><![CDATA[org.opentest4j.AssertionFailedError: 
>>>> js failed:
01: base_url
<<<<
org.graalvm.polyglot.PolyglotException: ReferenceError: "base_url" is not defined
- <js>.:program(Unnamed:1)

classpath:exercicio/trabalho2/reqres.feature:34
]]></failure>
    <system-out><![CDATA[23:42:13.956 [main] INFO  com.intuit.karate - karate.env system property was: null 
23:42:13.960 [main] ERROR com.intuit.karate - classpath:exercicio/trabalho2/reqres.feature:34
Given url base_url
>>>> js failed:
01: base_url
<<<<
org.graalvm.polyglot.PolyglotException: ReferenceError: "base_url" is not defined
- <js>.:program(Unnamed:1)

classpath:exercicio/trabalho2/reqres.feature:34
]]></system-out>
  </testcase>
  <testcase name="testReqres[1][5]" classname="exercicio.trabalho2.ReqresRunner" time="0.013">
    <failure message="&gt;&gt;&gt;&gt; js failed:&#10;01: base_url&#10;&lt;&lt;&lt;&lt;&#10;org.graalvm.polyglot.PolyglotException: ReferenceError: &quot;base_url&quot; is not defined&#10;- &lt;js&gt;.:program(Unnamed:1)&#10;&#10;classpath:exercicio/trabalho2/reqres.feature:42" type="org.opentest4j.AssertionFailedError"><![CDATA[org.opentest4j.AssertionFailedError: 
>>>> js failed:
01: base_url
<<<<
org.graalvm.polyglot.PolyglotException: ReferenceError: "base_url" is not defined
- <js>.:program(Unnamed:1)

classpath:exercicio/trabalho2/reqres.feature:42
]]></failure>
    <system-out><![CDATA[23:42:13.970 [main] INFO  com.intuit.karate - karate.env system property was: null 
23:42:13.974 [main] ERROR com.intuit.karate - classpath:exercicio/trabalho2/reqres.feature:42
Given url base_url
>>>> js failed:
01: base_url
<<<<
org.graalvm.polyglot.PolyglotException: ReferenceError: "base_url" is not defined
- <js>.:program(Unnamed:1)

classpath:exercicio/trabalho2/reqres.feature:42
]]></system-out>
  </testcase>
  <testcase name="testReqres[1][6]" classname="exercicio.trabalho2.ReqresRunner" time="1.449"/>
</testsuite>