<?xml version="1.0" encoding="UTF-8"?>
<testsuite xmlns:xsi="http://www.w3.org/2001/XMLSchema-instance" xsi:noNamespaceSchemaLocation="https://maven.apache.org/surefire/maven-surefire-plugin/xsd/surefire-test-report.xsd" name="exercicio.star_wars.SwRunner" time="9.042" tests="6" errors="0" skipped="0" failures="1">
  <properties>
[...]
</properties>
  <testcase name="testStarWars[1][1]" classname="exercicio.star_wars.SwRunner" time="2.506"/>
  <testcase name="testStarWars[1][2]" classname="exercicio.star_wars.SwRunner" time="1.028"/>
  <testcase name="testStarWars[1][3]" classname="exercicio.star_wars.SwRunner" time="0.95"/>
  <testcase name="testStarWars[1][4]" classname="exercicio.star_wars.SwRunner" time="1.033"/>
  <testcase name="testStarWars[1][5]" classname="exercicio.star_wars.SwRunner" time="0.908">
    <failure message="status code was: 404, expected: 200, response time in milliseconds: 894, url: https://swapi.dev/apistarships/12/, response: &#10;&#10;&lt;!DOCTYPE html&gt;&#10;&lt;html lang=&quot;en&quot;&gt;&#10;&lt;head&gt;&#10;  &lt;meta http-equiv=&quot;content-type&quot; content=&quot;text/html; charset=utf-8&quot;&gt;&#10;  &lt;title&gt;Page not found at /apistarships/12/&lt;/title&gt;&#10;  &lt;meta name=&quot;robots&quot; content=&quot;NONE,NOARCHIVE&quot;&gt;&#10;  &lt;style type=&quot;text/css&quot;&gt;&#10;    html * { padding:0; margin:0; }&#10;    body * { padding:10px 20px; }&#10;    body * * { padding:0; }&#10;    body { font:small sans-serif; background:#eee; }&#10;    body&gt;div { border-bottom:1px solid #ddd; }&#10;    h1 { font-weight:normal; margin-bottom:.4em; }&#10;    h1 span { font-size:60%; color:#666; font-weight:normal; }&#10;    table { border:none; border-collapse: collapse; width:100%; }&#10;    td, th { vertical-align:top; padding:2px 3px; }&#10;    th { width:12em; text-align:right; color:#666; padding-right:.5em; }&#10;    #info { background:#f6f6f6; }&#10;    #info ol { margin: 0.5em 4em; }&#10;    #info ol li { font-family: monospace; }&#10;    #summary { background: #ffc; }&#10;    #explanation { background:#eee; border-bottom: 0px none; }&#10;  &lt;/style&gt;&#10;&lt;/head&gt;&#10;&lt;body&gt;&#10;  &lt;div id=&quot;summary&quot;&gt;&#10;    &lt;h1&gt;Page not found &lt;span&gt;(404)&lt;/span&gt;&lt;/h1&gt;&#10;    &lt;table class=&quot;meta&quot;&gt;&#10;      &lt;tr&gt;&#10;        &lt;th&gt;Request Method:&lt;/th&gt;&#10;        &lt;td&gt;GET&lt;/td&gt;&#10;      &lt;/tr&gt;&#10;      &lt;tr&gt;&#10;        &lt;th&gt;Request URL:&lt;/th&gt;&#10;      &lt;td&gt;https://swapi.dev/apistarships/12/&lt;/td&gt;&#10;      &lt;/tr&gt;&#10;    &lt;/table&gt;&#10;  &lt;/div&gt;&#10;  &lt;div id=&quot;info&quot;&gt;&#10;    &#10;      &lt;p&gt;&#10;      Using the URLconf defined in &lt;code&gt;swapi.urls&lt;/code&gt;,&#10;      Django tried these URL patterns, in this order:&#10;      &lt;/p&gt;&#10;      &lt;ol&gt;&#10;        &#10;          &lt;li&gt;&#10;            &#10;                ^admin/&#10;                &#10;            &#10;          &lt;/li&gt;&#10;        &#10;          &lt;li&gt;&#10;            &#10;                ^$&#10;                &#10;            &#10;          &lt;/li&gt;&#10;        &#10;          &lt;li&gt;&#10;            &#10;                ^documentation$&#10;                &#10;            &#10;          &lt;/li&gt;&#10;        &#10;          &lt;li&gt;&#10;            &#10;                ^about$&#10;                &#10;            &#10;          &lt;/li&gt;&#10;        &#10;          &lt;li&gt;&#10;            &#10;                ^stats$&#10;                &#10;            &#10;          &lt;/li&gt;&#10;        &#10;          &lt;li&gt;&#10;            &#10;                ^stripe/donation&#10;                &#10;            &#10;          &lt;/li&gt;&#10;        &#10;          &lt;li&gt;&#10;            &#10;                ^api/people/schema$&#10;                &#10;            &#10;          &lt;/li&gt;&#10;        &#10;          &lt;li&gt;&#10;            &#10;                ^api/planets/schema$&#10;                &#10;            &#10;          &lt;/li&gt;&#10;        &#10;          &lt;li&gt;&#10;            &#10;                ^api/films/schema$&#10;                &#10;            &#10;          &lt;/li&gt;&#10;        &#10;          &lt;li&gt;&#10;            &#10;                ^api/species/schema$&#10;                &#10;            &#10;          &lt;/li&gt;&#10;        &#10;          &lt;li&gt;&#10;            &#10;                ^api/vehicles/schema$&#10;                &#10;            &#10;          &lt;/li&gt;&#10;        &#10;          &lt;li&gt;&#10;            &#10;                ^api/starships/schema$&#10;                &#10;            &#10;          &lt;/li&gt;&#10;        &#10;          &lt;li&gt;&#10;            &#10;                ^api/&#10;                &#10;            &#10;          &lt;/li&gt;&#10;        &#10;      &lt;/ol&gt;&#10;      &lt;p&gt;The current URL, &lt;code&gt;apistarships/12/&lt;/code&gt;, didn&apos;t match any of these.&lt;/p&gt;&#10;    &#10;  &lt;/div&gt;&#10;&#10;  &lt;div id=&quot;explanation&quot;&gt;&#10;    &lt;p&gt;&#10;      You&apos;re seeing this error because you have &lt;code&gt;DEBUG = True&lt;/code&gt; in&#10;      your Django settings file. Change that to &lt;code&gt;False&lt;/code&gt;, and Django&#10;      will display a standard 404 page.&#10;    &lt;/p&gt;&#10;  &lt;/div&gt;&#10;&lt;/body&gt;&#10;&lt;/html&gt;&#10;&#10;classpath:exercicio/star_wars/star_wars.feature:26" type="org.opentest4j.AssertionFailedError"><![CDATA[org.opentest4j.AssertionFailedError: 
status code was: 404, expected: 200, response time in milliseconds: 894, url: https://swapi.dev/apistarships/12/, response: 

<!DOCTYPE html>
<html lang="en">
<head>
  <meta http-equiv="content-type" content="text/html; charset=utf-8">
  <title>Page not found at /apistarships/12/</title>
  <meta name="robots" content="NONE,NOARCHIVE">
  <style type="text/css">
    html * { padding:0; margin:0; }
    body * { padding:10px 20px; }
    body * * { padding:0; }
    body { font:small sans-serif; background:#eee; }
    body>div { border-bottom:1px solid #ddd; }
    h1 { font-weight:normal; margin-bottom:.4em; }
    h1 span { font-size:60%; color:#666; font-weight:normal; }
    table { border:none; border-collapse: collapse; width:100%; }
    td, th { vertical-align:top; padding:2px 3px; }
    th { width:12em; text-align:right; color:#666; padding-right:.5em; }
    #info { background:#f6f6f6; }
    #info ol { margin: 0.5em 4em; }
    #info ol li { font-family: monospace; }
    #summary { background: #ffc; }
    #explanation { background:#eee; border-bottom: 0px none; }
  </style>
</head>
<body>
  <div id="summary">
    <h1>Page not found <span>(404)</span></h1>
    <table class="meta">
      <tr>
        <th>Request Method:</th>
        <td>GET</td>
      </tr>
      <tr>
        <th>Request URL:</th>
      <td>https://swapi.dev/apistarships/12/</td>
      </tr>
    </table>
  </div>
  <div id="info">
    
      <p>
      Using the URLconf defined in <code>swapi.urls</code>,
      Django tried these URL patterns, in this order:
      </p>
      <ol>
        
          <li>
            
                ^admin/
                
            
          </li>
        
          <li>
            
                ^$
                
            
          </li>
        
          <li>
            
                ^documentation$
                
            
          </li>
        
          <li>
            
                ^about$
                
            
          </li>
        
          <li>
            
                ^stats$
                
            
          </li>
        
          <li>
            
                ^stripe/donation
                
            
          </li>
        
          <li>
            
                ^api/people/schema$
                
            
          </li>
        
          <li>
            
                ^api/planets/schema$
                
            
          </li>
        
          <li>
            
                ^api/films/schema$
                
            
          </li>
        
          <li>
            
                ^api/species/schema$
                
            
          </li>
        
          <li>
            
                ^api/vehicles/schema$
                
            
          </li>
        
          <li>
            
                ^api/starships/schema$
                
            
          </li>
        
          <li>
            
                ^api/
                
            
          </li>
        
      </ol>
      <p>The current URL, <code>apistarships/12/</code>, didn't match any of these.</p>
    
  </div>

  <div id="explanation">
    <p>
      You're seeing this error because you have <code>DEBUG = True</code> in
      your Django settings file. Change that to <code>False</code>, and Django
      will display a standard 404 page.
    </p>
  </div>
</body>
</html>

classpath:exercicio/star_wars/star_wars.feature:26
]]></failure>
    <system-out><![CDATA[23:37:34.692 [main] INFO  com.intuit.karate - karate.env system property was: null 
23:37:34.695 [main] DEBUG com.intuit.karate - request:
1 > GET https://swapi.dev/apistarships/12/
1 > Host: swapi.dev
1 > Connection: Keep-Alive
1 > User-Agent: Apache-HttpClient/4.5.13 (Java/19.0.1)
1 > Accept-Encoding: gzip,deflate


23:37:35.589 [main] DEBUG com.intuit.karate - response time in milliseconds: 894
1 < 404
1 < Server: nginx/1.16.1
1 < Date: Thu, 01 Dec 2022 02:37:37 GMT
1 < Content-Type: text/html
1 < Transfer-Encoding: chunked
1 < Connection: keep-alive
1 < X-Frame-Options: SAMEORIGIN
1 < ETag: "096eef5885bd0eb148fa4e1aaca64fcf"

<!DOCTYPE html>
<html lang="en">
<head>
  <meta http-equiv="content-type" content="text/html; charset=utf-8">
  <title>Page not found at /apistarships/12/</title>
  <meta name="robots" content="NONE,NOARCHIVE">
  <style type="text/css">
    html * { padding:0; margin:0; }
    body * { padding:10px 20px; }
    body * * { padding:0; }
    body { font:small sans-serif; background:#eee; }
    body>div { border-bottom:1px solid #ddd; }
    h1 { font-weight:normal; margin-bottom:.4em; }
    h1 span { font-size:60%; color:#666; font-weight:normal; }
    table { border:none; border-collapse: collapse; width:100%; }
    td, th { vertical-align:top; padding:2px 3px; }
    th { width:12em; text-align:right; color:#666; padding-right:.5em; }
    #info { background:#f6f6f6; }
    #info ol { margin: 0.5em 4em; }
    #info ol li { font-family: monospace; }
    #summary { background: #ffc; }
    #explanation { background:#eee; border-bottom: 0px none; }
  </style>
</head>
<body>
  <div id="summary">
    <h1>Page not found <span>(404)</span></h1>
    <table class="meta">
      <tr>
        <th>Request Method:</th>
        <td>GET</td>
      </tr>
      <tr>
        <th>Request URL:</th>
      <td>https://swapi.dev/apistarships/12/</td>
      </tr>
    </table>
  </div>
  <div id="info">
    
      <p>
      Using the URLconf defined in <code>swapi.urls</code>,
      Django tried these URL patterns, in this order:
      </p>
      <ol>
        
          <li>
            
                ^admin/
                
            
          </li>
        
          <li>
            
                ^$
                
            
          </li>
        
          <li>
            
                ^documentation$
                
            
          </li>
        
          <li>
            
                ^about$
                
            
          </li>
        
          <li>
            
                ^stats$
                
            
          </li>
        
          <li>
            
                ^stripe/donation
                
            
          </li>
        
          <li>
            
                ^api/people/schema$
                
            
          </li>
        
          <li>
            
                ^api/planets/schema$
                
            
          </li>
        
          <li>
            
                ^api/films/schema$
                
            
          </li>
        
          <li>
            
                ^api/species/schema$
                
            
          </li>
        
          <li>
            
                ^api/vehicles/schema$
                
            
          </li>
        
          <li>
            
                ^api/starships/schema$
                
            
          </li>
        
          <li>
            
                ^api/
                
            
          </li>
        
      </ol>
      <p>The current URL, <code>apistarships/12/</code>, didn't match any of these.</p>
    
  </div>

  <div id="explanation">
    <p>
      You're seeing this error because you have <code>DEBUG = True</code> in
      your Django settings file. Change that to <code>False</code>, and Django
      will display a standard 404 page.
    </p>
  </div>
</body>
</html>

23:37:35.595 [main] ERROR com.intuit.karate - classpath:exercicio/star_wars/star_wars.feature:26
Then status 200
status code was: 404, expected: 200, response time in milliseconds: 894, url: https://swapi.dev/apistarships/12/, response: 

<!DOCTYPE html>
<html lang="en">
<head>
  <meta http-equiv="content-type" content="text/html; charset=utf-8">
  <title>Page not found at /apistarships/12/</title>
  <meta name="robots" content="NONE,NOARCHIVE">
  <style type="text/css">
    html * { padding:0; margin:0; }
    body * { padding:10px 20px; }
    body * * { padding:0; }
    body { font:small sans-serif; background:#eee; }
    body>div { border-bottom:1px solid #ddd; }
    h1 { font-weight:normal; margin-bottom:.4em; }
    h1 span { font-size:60%; color:#666; font-weight:normal; }
    table { border:none; border-collapse: collapse; width:100%; }
    td, th { vertical-align:top; padding:2px 3px; }
    th { width:12em; text-align:right; color:#666; padding-right:.5em; }
    #info { background:#f6f6f6; }
    #info ol { margin: 0.5em 4em; }
    #info ol li { font-family: monospace; }
    #summary { background: #ffc; }
    #explanation { background:#eee; border-bottom: 0px none; }
  </style>
</head>
<body>
  <div id="summary">
    <h1>Page not found <span>(404)</span></h1>
    <table class="meta">
      <tr>
        <th>Request Method:</th>
        <td>GET</td>
      </tr>
      <tr>
        <th>Request URL:</th>
      <td>https://swapi.dev/apistarships/12/</td>
      </tr>
    </table>
  </div>
  <div id="info">
    
      <p>
      Using the URLconf defined in <code>swapi.urls</code>,
      Django tried these URL patterns, in this order:
      </p>
      <ol>
        
          <li>
            
                ^admin/
                
            
          </li>
        
          <li>
            
                ^$
                
            
          </li>
        
          <li>
            
                ^documentation$
                
            
          </li>
        
          <li>
            
                ^about$
                
            
          </li>
        
          <li>
            
                ^stats$
                
            
          </li>
        
          <li>
            
                ^stripe/donation
                
            
          </li>
        
          <li>
            
                ^api/people/schema$
                
            
          </li>
        
          <li>
            
                ^api/planets/schema$
                
            
          </li>
        
          <li>
            
                ^api/films/schema$
                
            
          </li>
        
          <li>
            
                ^api/species/schema$
                
            
          </li>
        
          <li>
            
                ^api/vehicles/schema$
                
            
          </li>
        
          <li>
            
                ^api/starships/schema$
                
            
          </li>
        
          <li>
            
                ^api/
                
            
          </li>
        
      </ol>
      <p>The current URL, <code>apistarships/12/</code>, didn't match any of these.</p>
    
  </div>

  <div id="explanation">
    <p>
      You're seeing this error because you have <code>DEBUG = True</code> in
      your Django settings file. Change that to <code>False</code>, and Django
      will display a standard 404 page.
    </p>
  </div>
</body>
</html>

classpath:exercicio/star_wars/star_wars.feature:26
]]></system-out>
  </testcase>
  <testcase name="testStarWars[1][6]" classname="exercicio.star_wars.SwRunner" time="1.938"/>
</testsuite>